<?xml version="1.0" encoding="UTF-8"?>
<!-- Generated by org.testng.reporters.JUnitXMLReporter -->
<testsuite ignored="1" hostname="Sallu" failures="0" tests="3" name="Test" time="14.274" errors="0" timestamp="2024-09-17T14:04:25 BDT">
  <testcase classname="com.facebook_Tests.CreatAccountTest" name="Valid2openAccountTest" time="1.941"/>
  <testcase classname="com.facebook_Tests.CreatAccountTest" name="Valid3openAccountTest" time="1.805"/>
  <testcase classname="com.facebook_Tests.CreatAccountTest" name="ValidopenAccountTest" time="1.873"/>
  <testcase classname="com.facebook_Tests.CreatAccountTest" name="InvalidopenAccountTest" time="0.0">
    <ignored/>
  </testcase> <!-- InvalidopenAccountTest -->
</testsuite> <!-- Test -->
