<?xml version="1.0" encoding="UTF-8"?>
<!-- Generated by org.testng.reporters.JUnitXMLReporter -->
<testsuite ignored="1" hostname="Sallu" failures="0" tests="3" name="Login Test" time="16.022" errors="0" timestamp="2024-09-17T14:00:51 BDT">
  <testcase classname="com.facebook_Tests.CreatAccountTest" name="InvalidopenAccountTest" time="2.021"/>
  <testcase classname="com.facebook_Tests.CreatAccountTest" name="Valid2openAccountTest" time="1.948"/>
  <testcase classname="com.facebook_Tests.CreatAccountTest" name="ValidopenAccountTest" time="1.854"/>
  <testcase classname="com.facebook_Tests.CreatAccountTest" name="Valid3openAccountTest" time="0.0">
    <ignored/>
  </testcase> <!-- Valid3openAccountTest -->
</testsuite> <!-- Login Test -->
