<?xml version="1.0" encoding="UTF-8"?>
<!-- Generated by org.testng.reporters.JUnitXMLReporter -->
<testsuite ignored="1" hostname="Sallu" failures="0" tests="3" name="login Test" time="14.149" errors="0" timestamp="2024-09-17T14:02:52 BDT">
  <testcase classname="com.facebook_Tests.CreatAccountTest" name="InvalidopenAccountTest" time="2.059"/>
  <testcase classname="com.facebook_Tests.CreatAccountTest" name="Valid3openAccountTest" time="1.8"/>
  <testcase classname="com.facebook_Tests.CreatAccountTest" name="ValidopenAccountTest" time="1.735"/>
  <testcase classname="com.facebook_Tests.CreatAccountTest" name="Valid2openAccountTest" time="0.0">
    <ignored/>
  </testcase> <!-- Valid2openAccountTest -->
</testsuite> <!-- login Test -->
