<?xml version="1.0" encoding="UTF-8"?>
<testng-results ignored="0" total="3" passed="3" failed="0" skipped="0">
  <reporter-output>
  </reporter-output>
  <suite started-at="2024-09-17T14:04:10 BDT" name="functional Suite" finished-at="2024-09-17T14:04:25 BDT" duration-ms="14274">
    <groups>
      <group name="Functional">
        <method signature="CreatAccountTest.Valid2openAccountTest()[pri:0, instance:com.facebook_Tests.CreatAccountTest@7f3b84b8]" name="Valid2openAccountTest" class="com.facebook_Tests.CreatAccountTest"/>
        <method signature="CreatAccountTest.Valid3openAccountTest()[pri:0, instance:com.facebook_Tests.CreatAccountTest@7f3b84b8]" name="Valid3openAccountTest" class="com.facebook_Tests.CreatAccountTest"/>
        <method signature="CreatAccountTest.ValidopenAccountTest()[pri:0, instance:com.facebook_Tests.CreatAccountTest@7f3b84b8]" name="ValidopenAccountTest" class="com.facebook_Tests.CreatAccountTest"/>
      </group> <!-- Functional -->
      <group name="Regression">
        <method signature="CreatAccountTest.Valid3openAccountTest()[pri:0, instance:com.facebook_Tests.CreatAccountTest@7f3b84b8]" name="Valid3openAccountTest" class="com.facebook_Tests.CreatAccountTest"/>
        <method signature="CreatAccountTest.ValidopenAccountTest()[pri:0, instance:com.facebook_Tests.CreatAccountTest@7f3b84b8]" name="ValidopenAccountTest" class="com.facebook_Tests.CreatAccountTest"/>
      </group> <!-- Regression -->
      <group name="smoke">
        <method signature="CreatAccountTest.Valid2openAccountTest()[pri:0, instance:com.facebook_Tests.CreatAccountTest@7f3b84b8]" name="Valid2openAccountTest" class="com.facebook_Tests.CreatAccountTest"/>
        <method signature="CreatAccountTest.ValidopenAccountTest()[pri:0, instance:com.facebook_Tests.CreatAccountTest@7f3b84b8]" name="ValidopenAccountTest" class="com.facebook_Tests.CreatAccountTest"/>
      </group> <!-- smoke -->
    </groups>
    <test started-at="2024-09-17T14:04:10 BDT" name="Test" finished-at="2024-09-17T14:04:25 BDT" duration-ms="14274">
      <class name="com.facebook_Tests.CreatAccountTest">
        <test-method is-config="true" signature="openfacebook()[pri:0, instance:com.facebook_Tests.CreatAccountTest@7f3b84b8]" started-at="2024-09-17T14:04:11 BDT" name="openfacebook" finished-at="2024-09-17T14:04:14 BDT" duration-ms="3137" status="PASS">
          <reporter-output>
          </reporter-output>
        </test-method> <!-- openfacebook -->
        <test-method signature="Valid2openAccountTest()[pri:0, instance:com.facebook_Tests.CreatAccountTest@7f3b84b8]" started-at="2024-09-17T14:04:14 BDT" name="Valid2openAccountTest" finished-at="2024-09-17T14:04:16 BDT" duration-ms="1941" status="PASS">
          <reporter-output>
          </reporter-output>
        </test-method> <!-- Valid2openAccountTest -->
        <test-method is-config="true" signature="closefacebook()[pri:0, instance:com.facebook_Tests.CreatAccountTest@7f3b84b8]" started-at="2024-09-17T14:04:16 BDT" name="closefacebook" finished-at="2024-09-17T14:04:16 BDT" duration-ms="241" status="PASS">
          <reporter-output>
          </reporter-output>
        </test-method> <!-- closefacebook -->
        <test-method is-config="true" signature="openfacebook()[pri:0, instance:com.facebook_Tests.CreatAccountTest@7f3b84b8]" started-at="2024-09-17T14:04:16 BDT" name="openfacebook" finished-at="2024-09-17T14:04:18 BDT" duration-ms="2412" status="PASS">
          <reporter-output>
          </reporter-output>
        </test-method> <!-- openfacebook -->
        <test-method signature="Valid3openAccountTest()[pri:0, instance:com.facebook_Tests.CreatAccountTest@7f3b84b8]" started-at="2024-09-17T14:04:18 BDT" name="Valid3openAccountTest" finished-at="2024-09-17T14:04:20 BDT" duration-ms="1805" status="PASS">
          <reporter-output>
          </reporter-output>
        </test-method> <!-- Valid3openAccountTest -->
        <test-method is-config="true" signature="closefacebook()[pri:0, instance:com.facebook_Tests.CreatAccountTest@7f3b84b8]" started-at="2024-09-17T14:04:20 BDT" name="closefacebook" finished-at="2024-09-17T14:04:20 BDT" duration-ms="204" status="PASS">
          <reporter-output>
          </reporter-output>
        </test-method> <!-- closefacebook -->
        <test-method is-config="true" signature="openfacebook()[pri:0, instance:com.facebook_Tests.CreatAccountTest@7f3b84b8]" started-at="2024-09-17T14:04:20 BDT" name="openfacebook" finished-at="2024-09-17T14:04:23 BDT" duration-ms="2381" status="PASS">
          <reporter-output>
          </reporter-output>
        </test-method> <!-- openfacebook -->
        <test-method signature="ValidopenAccountTest()[pri:0, instance:com.facebook_Tests.CreatAccountTest@7f3b84b8]" started-at="2024-09-17T14:04:23 BDT" name="ValidopenAccountTest" finished-at="2024-09-17T14:04:25 BDT" duration-ms="1873" status="PASS">
          <reporter-output>
          </reporter-output>
        </test-method> <!-- ValidopenAccountTest -->
        <test-method is-config="true" signature="closefacebook()[pri:0, instance:com.facebook_Tests.CreatAccountTest@7f3b84b8]" started-at="2024-09-17T14:04:25 BDT" name="closefacebook" finished-at="2024-09-17T14:04:25 BDT" duration-ms="204" status="PASS">
          <reporter-output>
          </reporter-output>
        </test-method> <!-- closefacebook -->
      </class> <!-- com.facebook_Tests.CreatAccountTest -->
    </test> <!-- Test -->
  </suite> <!-- functional Suite -->
</testng-results>
