<?xml version="1.0" encoding="UTF-8"?>
<testng-results ignored="0" total="1" passed="1" failed="0" skipped="0">
  <reporter-output>
  </reporter-output>
  <suite started-at="2024-09-17T13:19:00 BDT" name="Default suite" finished-at="2024-09-17T13:19:07 BDT" duration-ms="7476">
    <groups>
    </groups>
    <test started-at="2024-09-17T13:19:00 BDT" name="Default test" finished-at="2024-09-17T13:19:07 BDT" duration-ms="7476">
      <class name="com.facebook_Tests.CreatAccountTest">
        <test-method is-config="true" signature="openfacebook()[pri:0, instance:com.facebook_Tests.CreatAccountTest@36902638]" started-at="2024-09-17T13:19:00 BDT" name="openfacebook" finished-at="2024-09-17T13:19:05 BDT" duration-ms="5475" status="PASS">
          <reporter-output>
          </reporter-output>
        </test-method> <!-- openfacebook -->
        <test-method signature="openAccountTest()[pri:0, instance:com.facebook_Tests.CreatAccountTest@36902638]" started-at="2024-09-17T13:19:05 BDT" name="openAccountTest" finished-at="2024-09-17T13:19:07 BDT" duration-ms="1910" status="PASS">
          <reporter-output>
          </reporter-output>
        </test-method> <!-- openAccountTest -->
      </class> <!-- com.facebook_Tests.CreatAccountTest -->
    </test> <!-- Default test -->
  </suite> <!-- Default suite -->
</testng-results>
